<?xml version="1.0" encoding="UTF-8"?>
<!-- Generated by org.testng.reporters.JUnitXMLReporter -->
<testsuite ignored="0" hostname="DESKTOP-1C3J15A" failures="0" tests="4" name="Test" time="39.814" errors="0" timestamp="2023-01-04T14:45:45 IST">
  <testcase classname="com.sauceDemo.TestPackage.TC04_TestClass_VerifyAllpoductSelect" name="verifyallproductselectfunctionality" time="0.863"/>
  <testcase classname="com.sauceDemo.TestPackage.TC02_TestClass_LogoutpageVerify" name="verifylogoutpagefunctionality" time="0.322"/>
  <testcase classname="com.sauceDemo.TestPackage.TC01_TestClass_LoginPage" name="verifyloginpagefunctionality" time="0.041"/>
  <testcase classname="com.sauceDemo.TestPackage.TC03_TestClass_Verify1productSelect" name="verify1productselectfunctionality" time="0.485"/>
</testsuite> <!-- Test -->
